2026-02-09 15:07:52,046 - INFO - scheme='Bearer' credentials='eyJhbGciOiJIUzI1NiIsInR5cCI6IkpXVCJ9.eyJuYW1lIjoiXHVhYzAwXHVjNjAxIiwiaXNzIjoiRURVIiwic3ViIjoiMjAiLCJpYXQiOjE3NzA2MTcyMjAsImV4cCI6MTc3MDYxOTAyMH0._VwN_owVCbXflQtRM0LWV6GGM_FMt1x7PiE0J0A5O2o'
2026-02-09 15:07:52,047 - INFO - Bearer
2026-02-09 15:07:52,047 - INFO - eyJhbGciOiJIUzI1NiIsInR5cCI6IkpXVCJ9.eyJuYW1lIjoiXHVhYzAwXHVjNjAxIiwiaXNzIjoiRURVIiwic3ViIjoiMjAiLCJpYXQiOjE3NzA2MTcyMjAsImV4cCI6MTc3MDYxOTAyMH0._VwN_owVCbXflQtRM0LWV6GGM_FMt1x7PiE0J0A5O2o
2026-02-09 15:07:52,047 - INFO - Token 유효 시간 : 29 분 7 초
2026-02-09 15:18:24,966 - INFO - scheme='Bearer' credentials='eyJhbGciOiJIUzI1NiIsInR5cCI6IkpXVCJ9.eyJuYW1lIjoiXHVhYzAwXHVjNjAxIiwiaXNzIjoiRURVIiwic3ViIjoiMjAiLCJpYXQiOjE3NzA2MTcyMjAsImV4cCI6MTc3MDYxOTAyMH0._VwN_owVCbXflQtRM0LWV6GGM_FMt1x7PiE0J0A5O2o'
2026-02-09 15:18:24,967 - INFO - Bearer
2026-02-09 15:18:24,967 - INFO - eyJhbGciOiJIUzI1NiIsInR5cCI6IkpXVCJ9.eyJuYW1lIjoiXHVhYzAwXHVjNjAxIiwiaXNzIjoiRURVIiwic3ViIjoiMjAiLCJpYXQiOjE3NzA2MTcyMjAsImV4cCI6MTc3MDYxOTAyMH0._VwN_owVCbXflQtRM0LWV6GGM_FMt1x7PiE0J0A5O2o
2026-02-09 15:18:24,967 - INFO - Token 유효 시간 : 18 분 35 초
2026-02-09 15:30:28,108 - INFO - scheme='Bearer' credentials='eyJhbGciOiJIUzI1NiIsInR5cCI6IkpXVCJ9.eyJuYW1lIjoiXHVhYzAwXHVjNjAxIiwiaXNzIjoiRURVIiwic3ViIjoiMjAiLCJpYXQiOjE3NzA2MTcyMjAsImV4cCI6MTc3MDYxOTAyMH0._VwN_owVCbXflQtRM0LWV6GGM_FMt1x7PiE0J0A5O2o'
2026-02-09 15:30:28,108 - INFO - Bearer
2026-02-09 15:30:28,108 - INFO - eyJhbGciOiJIUzI1NiIsInR5cCI6IkpXVCJ9.eyJuYW1lIjoiXHVhYzAwXHVjNjAxIiwiaXNzIjoiRURVIiwic3ViIjoiMjAiLCJpYXQiOjE3NzA2MTcyMjAsImV4cCI6MTc3MDYxOTAyMH0._VwN_owVCbXflQtRM0LWV6GGM_FMt1x7PiE0J0A5O2o
2026-02-09 15:30:28,109 - INFO - Token 유효 시간 : 6 분 31 초
2026-02-09 15:41:56,566 - INFO - Shutting down
2026-02-09 15:41:56,682 - INFO - Waiting for application shutdown.
2026-02-09 15:41:56,683 - INFO - Application shutdown complete.
2026-02-09 15:41:56,683 - INFO - Finished server process [12488]
2026-02-09 15:42:23,710 - INFO - scheme='Bearer' credentials='eyJhbGciOiJIUzI1NiIsInR5cCI6IkpXVCJ9.eyJuYW1lIjoiXHVhYzAwXHVjNjAxIiwiaXNzIjoiRURVIiwic3ViIjoiMjAiLCJpYXQiOjE3NzA2MTcyMjAsImV4cCI6MTc3MDYxOTAyMH0._VwN_owVCbXflQtRM0LWV6GGM_FMt1x7PiE0J0A5O2o'
2026-02-09 15:42:23,710 - INFO - Bearer
2026-02-09 15:42:23,710 - INFO - eyJhbGciOiJIUzI1NiIsInR5cCI6IkpXVCJ9.eyJuYW1lIjoiXHVhYzAwXHVjNjAxIiwiaXNzIjoiRURVIiwic3ViIjoiMjAiLCJpYXQiOjE3NzA2MTcyMjAsImV4cCI6MTc3MDYxOTAyMH0._VwN_owVCbXflQtRM0LWV6GGM_FMt1x7PiE0J0A5O2o
2026-02-09 15:42:23,717 - INFO - JWT EXPIRED : Signature has expired.
2026-02-09 15:42:39,941 - INFO - <BrokerConnection client_id=kafka-python-producer-1, node_id=1 host=localhost:9092 <connecting> [IPv6 ('::1', 9092, 0, 0)]>: connecting to localhost:9092 [('::1', 9092, 0, 0) IPv6]
2026-02-09 15:42:39,941 - INFO - <BrokerConnection client_id=kafka-python-producer-1, node_id=1 host=localhost:9092 <connected> [IPv6 ('::1', 9092, 0, 0)]>: Connection complete.
2026-02-09 15:42:39,941 - INFO - <BrokerConnection client_id=kafka-python-producer-1, node_id=bootstrap-0 host=localhost:9092 <connected> [IPv6 ('::1', 9092, 0, 0)]>: Closing connection. 
2026-02-09 15:43:13,395 - INFO - scheme='Bearer' credentials='eyJhbGciOiJIUzI1NiIsInR5cCI6IkpXVCJ9.eyJuYW1lIjoiXHVhYzAwXHVjNjAxIiwiaXNzIjoiRURVIiwic3ViIjoiMjAiLCJpYXQiOjE3NzA2MTkzNzYsImV4cCI6MTc3MDYyMTE3Nn0.A2q48GfzNBq-flhJQN8S6-7rKvCRBqSmsbLvXTQDP4E'
2026-02-09 15:43:13,395 - INFO - Bearer
2026-02-09 15:43:13,395 - INFO - eyJhbGciOiJIUzI1NiIsInR5cCI6IkpXVCJ9.eyJuYW1lIjoiXHVhYzAwXHVjNjAxIiwiaXNzIjoiRURVIiwic3ViIjoiMjAiLCJpYXQiOjE3NzA2MTkzNzYsImV4cCI6MTc3MDYyMTE3Nn0.A2q48GfzNBq-flhJQN8S6-7rKvCRBqSmsbLvXTQDP4E
2026-02-09 15:43:13,395 - INFO - Token 유효 시간 : 29 분 42 초
2026-02-09 16:00:50,783 - INFO - Shutting down
2026-02-09 16:00:50,885 - INFO - Waiting for application shutdown.
2026-02-09 16:00:50,886 - INFO - Application shutdown complete.
2026-02-09 16:00:50,886 - INFO - Finished server process [4780]
2026-02-09 16:55:28,345 - INFO - scheme='bearer' credentials='eyJhbGciOiJIUzI1NiIsInR5cCI6IkpXVCJ9.eyJuYW1lIjoiXHVhYzAwXHVjNjAxIiwiaXNzIjoiRURVIiwic3ViIjoiMjAiLCJpYXQiOjE3NzA2MjM3MjYsImV4cCI6MTc3MDYyNTUyNn0.2Ov7XKB-BXc5TCTjVhOoHae9-xq7AzU3BoImbv-SpBs'
2026-02-09 16:55:28,345 - INFO - bearer
2026-02-09 16:55:28,345 - INFO - eyJhbGciOiJIUzI1NiIsInR5cCI6IkpXVCJ9.eyJuYW1lIjoiXHVhYzAwXHVjNjAxIiwiaXNzIjoiRURVIiwic3ViIjoiMjAiLCJpYXQiOjE3NzA2MjM3MjYsImV4cCI6MTc3MDYyNTUyNn0.2Ov7XKB-BXc5TCTjVhOoHae9-xq7AzU3BoImbv-SpBs
2026-02-09 16:58:28,907 - INFO - scheme='bearer' credentials='eyJhbGciOiJIUzI1NiIsInR5cCI6IkpXVCJ9.eyJuYW1lIjoiXHVhYzAwXHVjNjAxIiwiaXNzIjoiRURVIiwic3ViIjoiMjAiLCJpYXQiOjE3NzA2MjM5MDQsImV4cCI6MTc3MDYyNTcwNH0.N_rd8vZqEASjtnSvj6WduHqxga38fvBKfTOufjFqy0I'
2026-02-09 16:58:28,907 - INFO - bearer
2026-02-09 16:58:28,907 - INFO - eyJhbGciOiJIUzI1NiIsInR5cCI6IkpXVCJ9.eyJuYW1lIjoiXHVhYzAwXHVjNjAxIiwiaXNzIjoiRURVIiwic3ViIjoiMjAiLCJpYXQiOjE3NzA2MjM5MDQsImV4cCI6MTc3MDYyNTcwNH0.N_rd8vZqEASjtnSvj6WduHqxga38fvBKfTOufjFqy0I
2026-02-09 16:59:18,592 - INFO - scheme='bearer' credentials='eyJhbGciOiJIUzI1NiIsInR5cCI6IkpXVCJ9.eyJuYW1lIjoiXHVhYzAwXHVjNjAxIiwiaXNzIjoiRURVIiwic3ViIjoiMjAiLCJpYXQiOjE3NzA2MjM5NTUsImV4cCI6MTc3MDYyNTc1NX0.ikuDRdJPF6Gk-rRRVr0MIhcW7u6a9UFVPhYm_c3Ll5E'
2026-02-09 16:59:18,592 - INFO - bearer
2026-02-09 16:59:18,592 - INFO - eyJhbGciOiJIUzI1NiIsInR5cCI6IkpXVCJ9.eyJuYW1lIjoiXHVhYzAwXHVjNjAxIiwiaXNzIjoiRURVIiwic3ViIjoiMjAiLCJpYXQiOjE3NzA2MjM5NTUsImV4cCI6MTc3MDYyNTc1NX0.ikuDRdJPF6Gk-rRRVr0MIhcW7u6a9UFVPhYm_c3Ll5E
2026-02-09 17:01:37,244 - INFO - scheme='Bearer' credentials='eyJhbGciOiJIUzI1NiIsInR5cCI6IkpXVCJ9.eyJuYW1lIjoiXHVhYzAwXHVjNjAxIiwiaXNzIjoiRURVIiwic3ViIjoiMjAiLCJpYXQiOjE3NzA2MjQwODQsImV4cCI6MTc3MDYyNTg4NH0.Ng_nC0ML4BUBRWDSs52GC10X_YRuL4DwPui_5wxBddk'
2026-02-09 17:01:37,244 - INFO - Bearer
2026-02-09 17:01:37,244 - INFO - eyJhbGciOiJIUzI1NiIsInR5cCI6IkpXVCJ9.eyJuYW1lIjoiXHVhYzAwXHVjNjAxIiwiaXNzIjoiRURVIiwic3ViIjoiMjAiLCJpYXQiOjE3NzA2MjQwODQsImV4cCI6MTc3MDYyNTg4NH0.Ng_nC0ML4BUBRWDSs52GC10X_YRuL4DwPui_5wxBddk
2026-02-09 17:01:37,244 - INFO - Token 유효 시간 : 29 분 46 초
2026-02-09 17:02:29,755 - INFO - scheme='Bearer' credentials='eyJhbGciOiJIUzI1NiIsInR5cCI6IkpXVCJ9.eyJuYW1lIjoiXHVhYzAwXHVjNjAxIiwiaXNzIjoiRURVIiwic3ViIjoiMjAiLCJpYXQiOjE3NzA2MjQxNDgsImV4cCI6MTc3MDYyNTk0OH0.hLGXROvXiF6S0mop96UMKUxeCJgtIxNIQ3nQzYnnGb8'
2026-02-09 17:02:29,755 - INFO - Bearer
2026-02-09 17:02:29,755 - INFO - eyJhbGciOiJIUzI1NiIsInR5cCI6IkpXVCJ9.eyJuYW1lIjoiXHVhYzAwXHVjNjAxIiwiaXNzIjoiRURVIiwic3ViIjoiMjAiLCJpYXQiOjE3NzA2MjQxNDgsImV4cCI6MTc3MDYyNTk0OH0.hLGXROvXiF6S0mop96UMKUxeCJgtIxNIQ3nQzYnnGb8
2026-02-09 17:02:29,755 - INFO - Token 유효 시간 : 29 분 58 초
2026-02-09 17:03:40,820 - INFO - scheme='Bearer' credentials='eyJhbGciOiJIUzI1NiIsInR5cCI6IkpXVCJ9.eyJuYW1lIjoiXHVhYzAwXHVjNjAxIiwiaXNzIjoiRURVIiwic3ViIjoiMjAiLCJpYXQiOjE3NzA2MjQxNDgsImV4cCI6MTc3MDYyNTk0OH0.hLGXROvXiF6S0mop96UMKUxeCJgtIxNIQ3nQzYnnGb8'
2026-02-09 17:03:40,820 - INFO - Bearer
2026-02-09 17:03:40,820 - INFO - eyJhbGciOiJIUzI1NiIsInR5cCI6IkpXVCJ9.eyJuYW1lIjoiXHVhYzAwXHVjNjAxIiwiaXNzIjoiRURVIiwic3ViIjoiMjAiLCJpYXQiOjE3NzA2MjQxNDgsImV4cCI6MTc3MDYyNTk0OH0.hLGXROvXiF6S0mop96UMKUxeCJgtIxNIQ3nQzYnnGb8
2026-02-09 17:03:40,820 - INFO - Token 유효 시간 : 28 분 47 초
2026-02-09 17:54:14,098 - INFO - Shutting down
2026-02-09 17:54:14,205 - INFO - Waiting for application shutdown.
2026-02-09 17:54:14,207 - INFO - Application shutdown complete.
2026-02-09 17:54:14,208 - INFO - Finished server process [14164]
